<?xml version="1.0" encoding="UTF-8"?>
<testsuites>
	<testsuite name="materials.tests.CourseAPITestCase-20260502113411" tests="5" file="materials/tests.py" time="0.365" timestamp="2026-05-02T11:34:12" failures="0" errors="0" skipped="0">
		<testcase classname="materials.tests.CourseAPITestCase" name="test_create" time="0.100" timestamp="2026-05-02T11:34:11" file="materials\tests.py" line="166">
			<!--Тестирование создания курса.-->
		</testcase>
		<testcase classname="materials.tests.CourseAPITestCase" name="test_delete" time="0.052" timestamp="2026-05-02T11:34:12" file="materials\tests.py" line="277">
			<!--Тестирование удаление курса.-->
		</testcase>
		<testcase classname="materials.tests.CourseAPITestCase" name="test_list" time="0.044" timestamp="2026-05-02T11:34:12" file="materials\tests.py" line="192">
			<!--Тестирование получения списка курсов.-->
		</testcase>
		<testcase classname="materials.tests.CourseAPITestCase" name="test_retrieve" time="0.067" timestamp="2026-05-02T11:34:12" file="materials\tests.py" line="213">
			<!--Тестирование получения курса.-->
		</testcase>
		<testcase classname="materials.tests.CourseAPITestCase" name="test_update" time="0.103" timestamp="2026-05-02T11:34:12" file="materials\tests.py" line="239">
			<!--Тестирование изменение курса.-->
		</testcase>
	</testsuite>
	<testsuite name="materials.tests.LessonAPITestCase-20260502113411" tests="5" file="materials/tests.py" time="0.474" timestamp="2026-05-02T11:34:12" failures="0" errors="0" skipped="0">
		<testcase classname="materials.tests.LessonAPITestCase" name="test_create" time="0.239" timestamp="2026-05-02T11:34:12" file="materials\tests.py" line="18">
			<!--Тестирование создания урока.-->
		</testcase>
		<testcase classname="materials.tests.LessonAPITestCase" name="test_delete" time="0.053" timestamp="2026-05-02T11:34:12" file="materials\tests.py" line="131">
			<!--Тестирование удаление урока.-->
		</testcase>
		<testcase classname="materials.tests.LessonAPITestCase" name="test_list" time="0.037" timestamp="2026-05-02T11:34:12" file="materials\tests.py" line="50">
			<!--Тестирование получения списка уроков.-->
		</testcase>
		<testcase classname="materials.tests.LessonAPITestCase" name="test_retrieve" time="0.053" timestamp="2026-05-02T11:34:12" file="materials\tests.py" line="69">
			<!--Тестирование получения урока.-->
		</testcase>
		<testcase classname="materials.tests.LessonAPITestCase" name="test_update" time="0.092" timestamp="2026-05-02T11:34:12" file="materials\tests.py" line="93">
			<!--Тестирование изменение урока.-->
		</testcase>
	</testsuite>
	<testsuite name="users.tests.PaymentsAPITestCase-20260502113411" tests="3" file="users/tests.py" time="0.199" timestamp="2026-05-02T11:34:13" failures="0" errors="0" skipped="0">
		<testcase classname="users.tests.PaymentsAPITestCase" name="test_create" time="0.064" timestamp="2026-05-02T11:34:13" file="users\tests.py" line="156">
			<!--Тестирование создание платежа.-->
		</testcase>
		<testcase classname="users.tests.PaymentsAPITestCase" name="test_list" time="0.098" timestamp="2026-05-02T11:34:13" file="users\tests.py" line="188">
			<!--Тестирование получения списка платежей.-->
		</testcase>
		<testcase classname="users.tests.PaymentsAPITestCase" name="test_retrieve" time="0.037" timestamp="2026-05-02T11:34:13" file="users\tests.py" line="240">
			<!--Тестирование получения платежа.-->
		</testcase>
	</testsuite>
	<testsuite name="users.tests.SubscriptionsAPITestCase-20260502113411" tests="1" file="users/tests.py" time="0.065" timestamp="2026-05-02T11:34:13" failures="0" errors="0" skipped="0">
		<testcase classname="users.tests.SubscriptionsAPITestCase" name="test_post" time="0.065" timestamp="2026-05-02T11:34:13" file="users\tests.py" line="274">
			<!--Тестирование включения и отключения подписки-->
		</testcase>
	</testsuite>
	<testsuite name="users.tests.UserAPITestCase-20260502113411" tests="5" file="users/tests.py" time="7.911" timestamp="2026-05-02T11:34:21" failures="0" errors="0" skipped="0">
		<testcase classname="users.tests.UserAPITestCase" name="test_create" time="7.751" timestamp="2026-05-02T11:34:21" file="users\tests.py" line="19">
			<!--Тестирование регистрация пользователя.-->
		</testcase>
		<testcase classname="users.tests.UserAPITestCase" name="test_delete" time="0.051" timestamp="2026-05-02T11:34:21" file="users\tests.py" line="122">
			<!--Тестирование удаление пользователя.-->
		</testcase>
		<testcase classname="users.tests.UserAPITestCase" name="test_list" time="0.012" timestamp="2026-05-02T11:34:21" file="users\tests.py" line="51">
			<!--Тестирование получения списка уроков.-->
		</testcase>
		<testcase classname="users.tests.UserAPITestCase" name="test_retrieve" time="0.038" timestamp="2026-05-02T11:34:21" file="users\tests.py" line="68">
			<!--Тестирование получения данных пользователя.-->
		</testcase>
		<testcase classname="users.tests.UserAPITestCase" name="test_update" time="0.059" timestamp="2026-05-02T11:34:21" file="users\tests.py" line="94">
			<!--Тестирование редактирование пользователя.-->
		</testcase>
	</testsuite>
</testsuites>
